Programm Start

Strings: 19
Umbruch: 1 (holla) Na
Umbruch: 2 (das) Na holla
Umbruch: 3 (sieht) Na holla das
Umbruch: 4 (ja) Na holla das sieht
Umbruch: 5 (schonmal) Na holla das sieht ja
Umbruch: 6 (richtig) Na holla das sieht ja schonmal
Umbruch: 7 (gut) 
richtig
Umbruch: 8 (aus.) 
richtig gut
Umbruch: 9 (Jetzt) 
richtig gut aus.
Umbruch: 10 (will) 
richtig gut aus. Jetzt
Umbruch: 11 (ich) 
richtig gut aus. Jetzt will
Umbruch: 12 (mal) 
ich
Umbruch: 13 (hoffen) 
ich mal
Umbruch: 14 (das) 
ich mal hoffen
Umbruch: 15 (es) 
ich mal hoffen das
Umbruch: 16 (auch) 
ich mal hoffen das es
Umbruch: 17 (so) 
ich mal hoffen das es auch
Umbruch: 18 (bleibt) 
ich mal hoffen das es auch so
Text: Na holla das sieht ja schonmal 
richtig gut aus. Jetzt will 
ich mal hoffen das es auch so 
bleibt
B-T: Bild: 512 Text: 98

Programm Start

Strings: 1
Text: 
B-T: Bild: 512 Text: 0

Programm Start

Strings: 1
Text: 
B-T: Bild: 512 Text: 0

Programm Start

Strings: 1
Text: 
B-T: Bild: 512 Text: 0

Programm Start

Strings: 4
Umbruch: 1 (Welt) Hallo
Umbruch: 2 (123456789) Hallo Welt
Umbruch: 3 (hnjfkashgkahldya&auml;oglhdlaesghoi) Hallo Welt 123456789
Text: Hallo Welt 123456789 hnjfkashgkahldya&auml;oglhdlaesghoi
B-T: Bild: 512 Text: 56

Programm Start

Strings: 4
Umbruch: 1 (Welt) Hallo
Umbruch: 2 (123456789) Hallo Welt
Umbruch: 3 (hnjfka) Hallo Welt 123456789
Text: Hallo Welt 123456789 hnjfka
B-T: Bild: 512 Text: 27

Programm Start

Strings: 6
Umbruch: 1 (Welt) Hallo
Umbruch: 2 (123456789) Hallo Welt
Umbruch: 3 (hnjfka) Hallo Welt 123456789
Umbruch: 4 (test) Hallo Welt 123456789 hnjfka
Umbruch: 5 (12345) 
test
Text: Hallo Welt 123456789 hnjfka 
test 12345
B-T: Bild: 512 Text: 39

Programm Start

Strings: 6
Umbruch: 1 (Welt) Hallo
Umbruch: 2 (123456789) Hallo Welt
Umbruch: 3 (hnjfka) Hallo Welt 123456789
Umbruch: 4 (test) Hallo Welt 123456789 hnjfka
Umbruch: 5 (12345) 
test
Text: Hallo Welt 123456789 hnjfka 
test 12345
B-T: Bild: 512 Text: 39

Programm Start

Strings: 6
Umbruch: 1 (Welt) Hallo
Umbruch: 2 (123456789) Hallo Welt
Umbruch: 3 (hnjfka) Hallo Welt 123456789
Umbruch: 4 (test) Hallo Welt 123456789 hnjfka
Umbruch: 5 (12345) 
test
Text: Hallo Welt 123456789 hnjfka 
test 12345
B-T: Bild: 512 Text: 39

Programm Start

Strings: 6
Umbruch: 1 (Welt) Hallo
Umbruch: 2 (123456789) Hallo Welt
Umbruch: 3 (hnjfka) Hallo Welt 123456789
Umbruch: 4 (test) Hallo Welt 123456789 hnjfka
Umbruch: 5 (12345) 
test
Text: Hallo Welt 123456789 hnjfka 
test 12345
B-T: Bild: 512 Text: 39

Programm Start

Strings: 6
Umbruch: 1 (Welt) Hallo
Umbruch: 2 (123456789) Hallo Welt
Umbruch: 3 (hnjfka) Hallo Welt 123456789
Umbruch: 4 (test) Hallo Welt 123456789 hnjfka
Umbruch: 5 (12345) 
test
Text: Hallo Welt 123456789 hnjfka 
test 12345
B-T: Bild: 512 Text: 39

Programm Start

Strings: 5
Umbruch: 1 (Welt) Hallo
Umbruch: 2 (123456789) Hallo Welt
Umbruch: 3 (hnjfka) Hallo Welt 123456789
Umbruch: 4 (test) Hallo Welt 123456789 hnjfka
Text: Hallo Welt 123456789 hnjfka test
B-T: Bild: 512 Text: 32

Programm Start

Strings: 5
Umbruch: 1 (Welt) Hallo
Umbruch: 2 (123456789) Hallo Welt
Umbruch: 3 (hnjfka) Hallo Welt 123456789
Umbruch: 4 (test5) Hallo Welt 123456789 hnjfka
Text: Hallo Welt 123456789 hnjfka test5
B-T: Bild: 512 Text: 33

Programm Start

Strings: 5
Umbruch: 1 (Welt) Hallo
Umbruch: 2 (123456789) Hallo Welt
Umbruch: 3 (hnjfka) Hallo Welt 123456789
Umbruch: 4 (test5132212546) Hallo Welt 123456789 hnjfka
Text: Hallo Welt 123456789 hnjfka test5132212546
B-T: Bild: 512 Text: 42

Programm Start

Strings: 6
Umbruch: 1 (Welt) Hallo
Umbruch: 2 (123456789) Hallo Welt
Umbruch: 3 (hnjfka) Hallo Welt 123456789
Umbruch: 4 (test5132212546) Hallo Welt 123456789 hnjfka
Umbruch: 5 (lol) 
test5132212546
Text: Hallo Welt 123456789 hnjfka 
test5132212546 lol
B-T: Bild: 512 Text: 47

Programm Start

Strings: 6
Umbruch: 1 (Welt) Hallo
Umbruch: 2 (123456789) Hallo Welt
Umbruch: 3 (hnjfka) Hallo Welt 123456789
Umbruch: 4 (test5132212546) Hallo Welt 123456789 hnjfka
Umbruch: 5 (lol) 
test5132212546
Text: Hallo Welt 123456789 hnjfka 
test5132212546 lol
B-T: Bild: 512 Text: 47

Programm Start

Strings: 5
Umbruch: 1 (Welt) Hallo
Umbruch: 2 (123456789) Hallo Welt
Umbruch: 3 (hnjfka) Hallo Welt 123456789
Umbruch: 4 (test5132212546) Hallo Welt 123456789 hnjfka
Text: Hallo Welt 123456789 hnjfka 
test5132212546
B-T: Bild: 512 Text: 43

Programm Start

Strings: 4
Umbruch: 1 (Welt) Hallo
Umbruch: 2 (123456789) Hallo Welt
Umbruch: 3 (hnjfka) Hallo Welt 123456789
Text: Hallo Welt 123456789 hnjfka
B-T: Bild: 512 Text: 27

Programm Start

Strings: 2
Umbruch: 1 (Welt) Hallo
Text: Hallo Welt
B-T: Bild: 512 Text: 10

